<?xml version="1.0" encoding="UTF-8"?>
<coverage generated="1659115508555" clover="3.2.0">
  <project timestamp="1659115508555" name="All files">
    <metrics statements="122" coveredstatements="119" conditionals="32" coveredconditionals="23" methods="42" coveredmethods="41" elements="196" coveredelements="183" complexity="0" loc="122" ncloc="122" packages="9" files="12" classes="12"/>
    <package name="src">
      <metrics statements="9" coveredstatements="9" conditionals="1" coveredconditionals="1" methods="0" coveredmethods="0"/>
      <file name="app.ts" path="/home/lucasviana/Documentos/Driven/TypeScript/Projetos/projeto21-singmeasong/back-end/src/app.ts">
        <metrics statements="7" coveredstatements="7" conditionals="1" coveredconditionals="1" methods="0" coveredmethods="0"/>
        <line num="8" count="7" type="stmt"/>
        <line num="9" count="7" type="stmt"/>
        <line num="10" count="7" type="stmt"/>
        <line num="11" count="7" type="stmt"/>
        <line num="13" count="7" type="cond" truecount="1" falsecount="0"/>
        <line num="14" count="7" type="stmt"/>
        <line num="16" count="7" type="stmt"/>
      </file>
      <file name="database.ts" path="/home/lucasviana/Documentos/Driven/TypeScript/Projetos/projeto21-singmeasong/back-end/src/database.ts">
        <metrics statements="2" coveredstatements="2" conditionals="0" coveredconditionals="0" methods="0" coveredmethods="0"/>
        <line num="3" count="12" type="stmt"/>
        <line num="4" count="12" type="stmt"/>
      </file>
    </package>
    <package name="src.controllers">
      <metrics statements="25" coveredstatements="25" conditionals="1" coveredconditionals="1" methods="8" coveredmethods="8"/>
      <file name="recommendationController.ts" path="/home/lucasviana/Documentos/Driven/TypeScript/Projetos/projeto21-singmeasong/back-end/src/controllers/recommendationController.ts">
        <metrics statements="25" coveredstatements="25" conditionals="1" coveredconditionals="1" methods="8" coveredmethods="8"/>
        <line num="7" count="2" type="stmt"/>
        <line num="8" count="2" type="cond" truecount="1" falsecount="0"/>
        <line num="9" count="1" type="stmt"/>
        <line num="12" count="1" type="stmt"/>
        <line num="14" count="1" type="stmt"/>
        <line num="18" count="6" type="stmt"/>
        <line num="20" count="6" type="stmt"/>
        <line num="22" count="6" type="stmt"/>
        <line num="26" count="7" type="stmt"/>
        <line num="28" count="7" type="stmt"/>
        <line num="30" count="7" type="stmt"/>
        <line num="34" count="3" type="stmt"/>
        <line num="36" count="2" type="stmt"/>
        <line num="40" count="1" type="stmt"/>
        <line num="41" count="1" type="stmt"/>
        <line num="45" count="1" type="stmt"/>
        <line num="47" count="1" type="stmt"/>
        <line num="48" count="1" type="stmt"/>
        <line num="52" count="1" type="stmt"/>
        <line num="54" count="1" type="stmt"/>
        <line num="55" count="1" type="stmt"/>
        <line num="59" count="1" type="stmt"/>
        <line num="60" count="1" type="stmt"/>
        <line num="61" count="1" type="stmt"/>
        <line num="64" count="7" type="stmt"/>
      </file>
    </package>
    <package name="src.middlewares">
      <metrics statements="4" coveredstatements="3" conditionals="1" coveredconditionals="1" methods="1" coveredmethods="1"/>
      <file name="errorHandlerMiddleware.ts" path="/home/lucasviana/Documentos/Driven/TypeScript/Projetos/projeto21-singmeasong/back-end/src/middlewares/errorHandlerMiddleware.ts">
        <metrics statements="4" coveredstatements="3" conditionals="1" coveredconditionals="1" methods="1" coveredmethods="1"/>
        <line num="14" count="2" type="stmt"/>
        <line num="16" count="2" type="cond" truecount="1" falsecount="0"/>
        <line num="17" count="2" type="stmt"/>
        <line num="20" count="0" type="stmt"/>
      </file>
    </package>
    <package name="src.repositories">
      <metrics statements="13" coveredstatements="13" conditionals="1" coveredconditionals="1" methods="9" coveredmethods="9"/>
      <file name="recommendationRepository.ts" path="/home/lucasviana/Documentos/Driven/TypeScript/Projetos/projeto21-singmeasong/back-end/src/repositories/recommendationRepository.ts">
        <metrics statements="13" coveredstatements="13" conditionals="1" coveredconditionals="1" methods="9" coveredmethods="9"/>
        <line num="6" count="1" type="stmt"/>
        <line num="17" count="6" type="stmt"/>
        <line num="19" count="6" type="stmt"/>
        <line num="27" count="1" type="stmt"/>
        <line num="36" count="6" type="cond" truecount="1" falsecount="0"/>
        <line num="38" count="3" type="stmt"/>
        <line num="40" count="3" type="stmt"/>
        <line num="46" count="15" type="stmt"/>
        <line num="52" count="1" type="stmt"/>
        <line num="58" count="13" type="stmt"/>
        <line num="67" count="1" type="stmt"/>
        <line num="73" count="19" type="stmt"/>
        <line num="77" count="12" type="stmt"/>
      </file>
    </package>
    <package name="src.routers">
      <metrics statements="11" coveredstatements="11" conditionals="0" coveredconditionals="0" methods="0" coveredmethods="0"/>
      <file name="recommendationRouter.ts" path="/home/lucasviana/Documentos/Driven/TypeScript/Projetos/projeto21-singmeasong/back-end/src/routers/recommendationRouter.ts">
        <metrics statements="8" coveredstatements="8" conditionals="0" coveredconditionals="0" methods="0" coveredmethods="0"/>
        <line num="4" count="7" type="stmt"/>
        <line num="6" count="7" type="stmt"/>
        <line num="7" count="7" type="stmt"/>
        <line num="8" count="7" type="stmt"/>
        <line num="9" count="7" type="stmt"/>
        <line num="10" count="7" type="stmt"/>
        <line num="11" count="7" type="stmt"/>
        <line num="12" count="7" type="stmt"/>
      </file>
      <file name="testRouter.ts" path="/home/lucasviana/Documentos/Driven/TypeScript/Projetos/projeto21-singmeasong/back-end/src/routers/testRouter.ts">
        <metrics statements="3" coveredstatements="3" conditionals="0" coveredconditionals="0" methods="0" coveredmethods="0"/>
        <line num="6" count="7" type="stmt"/>
        <line num="7" count="7" type="stmt"/>
        <line num="9" count="7" type="stmt"/>
      </file>
    </package>
    <package name="src.schemas">
      <metrics statements="2" coveredstatements="2" conditionals="0" coveredconditionals="0" methods="0" coveredmethods="0"/>
      <file name="recommendationsSchemas.ts" path="/home/lucasviana/Documentos/Driven/TypeScript/Projetos/projeto21-singmeasong/back-end/src/schemas/recommendationsSchemas.ts">
        <metrics statements="2" coveredstatements="2" conditionals="0" coveredconditionals="0" methods="0" coveredmethods="0"/>
        <line num="4" count="7" type="stmt"/>
        <line num="6" count="7" type="stmt"/>
      </file>
    </package>
    <package name="src.services">
      <metrics statements="31" coveredstatements="31" conditionals="6" coveredconditionals="6" methods="10" coveredmethods="10"/>
      <file name="recommendationsService.ts" path="/home/lucasviana/Documentos/Driven/TypeScript/Projetos/projeto21-singmeasong/back-end/src/services/recommendationsService.ts">
        <metrics statements="31" coveredstatements="31" conditionals="6" coveredconditionals="6" methods="10" coveredmethods="10"/>
        <line num="8" count="3" type="stmt"/>
        <line num="11" count="3" type="cond" truecount="1" falsecount="0"/>
        <line num="12" count="1" type="stmt"/>
        <line num="14" count="2" type="stmt"/>
        <line num="18" count="8" type="stmt"/>
        <line num="20" count="7" type="stmt"/>
        <line num="24" count="10" type="stmt"/>
        <line num="26" count="9" type="stmt"/>
        <line num="31" count="9" type="cond" truecount="1" falsecount="0"/>
        <line num="32" count="2" type="stmt"/>
        <line num="37" count="19" type="stmt"/>
        <line num="38" count="19" type="cond" truecount="1" falsecount="0"/>
        <line num="40" count="17" type="stmt"/>
        <line num="44" count="2" type="stmt"/>
        <line num="48" count="2" type="stmt"/>
        <line num="52" count="2" type="stmt"/>
        <line num="56" count="5" type="stmt"/>
        <line num="57" count="5" type="stmt"/>
        <line num="59" count="5" type="stmt"/>
        <line num="60" count="5" type="cond" truecount="1" falsecount="0"/>
        <line num="61" count="2" type="stmt"/>
        <line num="64" count="3" type="stmt"/>
        <line num="65" count="3" type="stmt"/>
        <line num="69" count="5" type="stmt"/>
        <line num="74" count="5" type="cond" truecount="1" falsecount="0"/>
        <line num="75" count="3" type="stmt"/>
        <line num="78" count="2" type="stmt"/>
        <line num="82" count="5" type="cond" truecount="1" falsecount="0"/>
        <line num="83" count="3" type="stmt"/>
        <line num="86" count="2" type="stmt"/>
        <line num="89" count="12" type="stmt"/>
      </file>
    </package>
    <package name="src.utils">
      <metrics statements="10" coveredstatements="8" conditionals="20" coveredconditionals="11" methods="6" coveredmethods="5"/>
      <file name="errorUtils.ts" path="/home/lucasviana/Documentos/Driven/TypeScript/Projetos/projeto21-singmeasong/back-end/src/utils/errorUtils.ts">
        <metrics statements="10" coveredstatements="8" conditionals="20" coveredconditionals="11" methods="6" coveredmethods="5"/>
        <line num="8" count="2" type="stmt"/>
        <line num="12" count="2" type="cond" truecount="0" falsecount="1"/>
        <line num="13" count="2" type="cond" truecount="1" falsecount="0"/>
        <line num="14" count="1" type="cond" truecount="0" falsecount="1"/>
        <line num="15" count="1" type="cond" truecount="1" falsecount="0"/>
        <line num="16" count="0" type="stmt"/>
        <line num="20" count="1" type="cond" truecount="3" falsecount="1"/>
        <line num="24" count="4" type="cond" truecount="3" falsecount="1"/>
        <line num="28" count="0" type="cond" truecount="0" falsecount="4"/>
        <line num="32" count="1" type="cond" truecount="3" falsecount="1"/>
      </file>
    </package>
    <package name="test.factories">
      <metrics statements="17" coveredstatements="17" conditionals="2" coveredconditionals="2" methods="8" coveredmethods="8"/>
      <file name="randomRecommendation.factory.ts" path="/home/lucasviana/Documentos/Driven/TypeScript/Projetos/projeto21-singmeasong/back-end/test/factories/randomRecommendation.factory.ts">
        <metrics statements="3" coveredstatements="3" conditionals="0" coveredconditionals="0" methods="2" coveredmethods="2"/>
        <line num="8" count="1" type="stmt"/>
        <line num="19" count="1" type="stmt"/>
        <line num="20" count="1" type="stmt"/>
      </file>
      <file name="recommendation.factory.ts" path="/home/lucasviana/Documentos/Driven/TypeScript/Projetos/projeto21-singmeasong/back-end/test/factories/recommendation.factory.ts">
        <metrics statements="14" coveredstatements="14" conditionals="2" coveredconditionals="2" methods="6" coveredmethods="6"/>
        <line num="7" count="18" type="stmt"/>
        <line num="11" count="30" type="stmt"/>
        <line num="13" count="30" type="cond" truecount="2" falsecount="0"/>
        <line num="14" count="29" type="stmt"/>
        <line num="16" count="1" type="stmt"/>
        <line num="18" count="30" type="stmt"/>
        <line num="25" count="27" type="stmt"/>
        <line num="28" count="27" type="stmt"/>
        <line num="33" count="1" type="stmt"/>
        <line num="34" count="1" type="stmt"/>
        <line num="39" count="3" type="stmt"/>
        <line num="40" count="21" type="stmt"/>
        <line num="41" count="21" type="stmt"/>
        <line num="46" count="1" type="stmt"/>
      </file>
    </package>
  </project>
</coverage>
