TN:
SF:src/app.ts
FNF:0
FNH:0
DA:8,6
DA:9,6
DA:10,6
DA:12,6
DA:13,6
DA:14,6
DA:16,6
LF:7
LH:7
BRDA:13,0,0,6
BRF:1
BRH:1
end_of_record
TN:
SF:src/database.ts
FNF:0
FNH:0
DA:3,6
DA:4,6
LF:2
LH:2
BRF:0
BRH:0
end_of_record
TN:
SF:src/controllers/recommendationController.ts
FN:6,insert
FN:17,upvote
FN:25,downvote
FN:33,random
FN:39,get
FN:44,getTop
FN:51,getById
FN:58,deleteAllRecommendation
FNF:8
FNH:7
FNDA:2,insert
FNDA:1,upvote
FNDA:7,downvote
FNDA:2,random
FNDA:1,get
FNDA:1,getTop
FNDA:1,getById
FNDA:0,deleteAllRecommendation
DA:7,2
DA:8,2
DA:9,1
DA:12,1
DA:14,1
DA:18,1
DA:20,1
DA:22,1
DA:26,7
DA:28,7
DA:30,7
DA:34,2
DA:36,1
DA:40,1
DA:41,1
DA:45,1
DA:47,1
DA:48,1
DA:52,1
DA:54,1
DA:55,1
DA:59,0
DA:60,0
DA:63,6
LF:24
LH:22
BRDA:8,0,0,1
BRF:1
BRH:1
end_of_record
TN:
SF:src/middlewares/errorHandlerMiddleware.ts
FN:8,errorHandlerMiddleware
FNF:1
FNH:1
FNDA:2,errorHandlerMiddleware
DA:14,2
DA:16,2
DA:17,2
DA:20,0
LF:4
LH:3
BRDA:16,0,0,2
BRF:1
BRH:1
end_of_record
TN:
SF:src/repositories/recommendationRepository.ts
FN:5,create
FN:16,findAll
FN:26,getAmountByScore
FN:33,getFindAllFilter
FN:45,find
FN:51,findByName
FN:57,updateScore
FN:66,remove
FN:72,removeAll
FNF:9
FNH:8
FNDA:1,create
FNDA:4,findAll
FNDA:1,getAmountByScore
FNDA:4,getFindAllFilter
FNDA:10,find
FNDA:1,findByName
FNDA:8,updateScore
FNDA:1,remove
FNDA:0,removeAll
DA:6,1
DA:17,4
DA:19,4
DA:27,1
DA:36,4
DA:38,2
DA:40,2
DA:46,10
DA:52,1
DA:58,8
DA:67,1
DA:74,0
DA:78,6
LF:13
LH:12
BRDA:36,0,0,2
BRF:1
BRH:1
end_of_record
TN:
SF:src/routers/recommendationRouter.ts
FNF:0
FNH:0
DA:4,6
DA:6,6
DA:7,6
DA:8,6
DA:9,6
DA:10,6
DA:11,6
DA:12,6
LF:8
LH:8
BRF:0
BRH:0
end_of_record
TN:
SF:src/routers/testRouter.ts
FNF:0
FNH:0
DA:6,6
DA:7,6
DA:9,6
LF:3
LH:3
BRF:0
BRH:0
end_of_record
TN:
SF:src/schemas/recommendationsSchemas.ts
FNF:0
FNH:0
DA:4,6
DA:6,6
LF:2
LH:2
BRF:0
BRH:0
end_of_record
TN:
SF:src/services/recommendationsService.ts
FN:7,insert
FN:17,upvote
FN:23,downvote
FN:36,getByIdOrFail
FN:43,get
FN:47,getTop
FN:51,deleteAll
FN:55,getRandom
FN:68,getByScore
FN:81,getScoreFilter
FNF:10
FNH:9
FNDA:1,insert
FNDA:1,upvote
FNDA:7,downvote
FNDA:9,getByIdOrFail
FNDA:1,get
FNDA:1,getTop
FNDA:0,deleteAll
FNDA:2,getRandom
FNDA:2,getByScore
FNDA:2,getScoreFilter
DA:8,1
DA:11,1
DA:12,0
DA:14,1
DA:18,1
DA:20,1
DA:24,7
DA:26,7
DA:31,7
DA:32,1
DA:37,9
DA:38,9
DA:40,9
DA:44,1
DA:48,1
DA:52,0
DA:56,2
DA:57,2
DA:59,2
DA:60,2
DA:61,1
DA:64,1
DA:65,1
DA:69,2
DA:74,2
DA:75,1
DA:78,1
DA:82,2
DA:83,1
DA:86,1
DA:89,6
LF:31
LH:29
BRDA:11,0,0,0
BRDA:31,1,0,1
BRDA:38,2,0,0
BRDA:60,3,0,1
BRDA:74,4,0,1
BRDA:82,5,0,1
BRF:6
BRH:4
end_of_record
TN:
SF:src/utils/errorUtils.ts
FN:7,isAppError
FN:11,errorTypeToStatusCode
FN:19,conflictError
FN:23,notFoundError
FN:27,unauthorizedError
FN:31,wrongSchemaError
FNF:6
FNH:4
FNDA:2,isAppError
FNDA:2,errorTypeToStatusCode
FNDA:0,conflictError
FNDA:1,notFoundError
FNDA:0,unauthorizedError
FNDA:1,wrongSchemaError
DA:8,2
DA:12,2
DA:13,2
DA:14,1
DA:15,1
DA:16,0
DA:20,0
DA:24,1
DA:28,0
DA:32,1
LF:10
LH:7
BRDA:12,0,0,0
BRDA:13,1,0,1
BRDA:14,2,0,0
BRDA:15,3,0,1
BRDA:20,4,0,0
BRDA:20,4,1,0
BRDA:20,5,0,0
BRDA:20,5,1,0
BRDA:24,6,0,0
BRDA:24,6,1,1
BRDA:24,7,0,1
BRDA:24,7,1,1
BRDA:28,8,0,0
BRDA:28,8,1,0
BRDA:28,9,0,0
BRDA:28,9,1,0
BRDA:32,10,0,0
BRDA:32,10,1,1
BRDA:32,11,0,1
BRDA:32,11,1,1
BRF:20
BRH:8
end_of_record
TN:
SF:test/factories/recommendation.factory.ts
FN:6,deleteAllRecommendation
FN:10,generateCorrectNameAndLink
FN:24,createRandomRecommendationsInDatabase
FN:31,createRandonsRecommendations
FN:40,createRecommendations
FN:47,getRecommendationById
FNF:6
FNH:6
FNDA:16,deleteAllRecommendation
FNDA:25,generateCorrectNameAndLink
FNDA:23,createRandomRecommendationsInDatabase
FNDA:1,createRandonsRecommendations
FNDA:1,createRecommendations
FNDA:1,getRecommendationById
DA:7,16
DA:11,25
DA:13,25
DA:14,24
DA:16,1
DA:18,25
DA:25,23
DA:28,23
DA:32,1
DA:33,1
DA:34,6
DA:35,6
DA:37,1
DA:41,1
DA:42,12
DA:43,12
DA:48,1
LF:17
LH:17
BRDA:13,0,0,24
BRDA:13,0,1,1
BRF:2
BRH:2
end_of_record
