TN:
SF:src/app.ts
FNF:0
FNH:0
DA:8,7
DA:9,7
DA:10,7
DA:11,7
DA:13,7
DA:14,7
DA:16,7
LF:7
LH:7
BRDA:13,0,0,7
BRF:1
BRH:1
end_of_record
TN:
SF:src/database.ts
FNF:0
FNH:0
DA:3,12
DA:4,12
LF:2
LH:2
BRF:0
BRH:0
end_of_record
TN:
SF:src/controllers/recommendationController.ts
FN:6,insert
FN:17,upvote
FN:25,downvote
FN:33,random
FN:39,get
FN:44,getTop
FN:51,getById
FN:58,deleteAllRecommendation
FNF:8
FNH:8
FNDA:2,insert
FNDA:6,upvote
FNDA:7,downvote
FNDA:3,random
FNDA:1,get
FNDA:1,getTop
FNDA:1,getById
FNDA:1,deleteAllRecommendation
DA:7,2
DA:8,2
DA:9,1
DA:12,1
DA:14,1
DA:18,6
DA:20,6
DA:22,6
DA:26,7
DA:28,7
DA:30,7
DA:34,3
DA:36,2
DA:40,1
DA:41,1
DA:45,1
DA:47,1
DA:48,1
DA:52,1
DA:54,1
DA:55,1
DA:59,1
DA:60,1
DA:61,1
DA:64,7
LF:25
LH:25
BRDA:8,0,0,1
BRF:1
BRH:1
end_of_record
TN:
SF:src/middlewares/errorHandlerMiddleware.ts
FN:8,errorHandlerMiddleware
FNF:1
FNH:1
FNDA:2,errorHandlerMiddleware
DA:14,2
DA:16,2
DA:17,2
DA:20,0
LF:4
LH:3
BRDA:16,0,0,2
BRF:1
BRH:1
end_of_record
TN:
SF:src/repositories/recommendationRepository.ts
FN:5,create
FN:16,findAll
FN:26,getAmountByScore
FN:33,getFindAllFilter
FN:45,find
FN:51,findByName
FN:57,updateScore
FN:66,remove
FN:72,removeAll
FNF:9
FNH:9
FNDA:1,create
FNDA:6,findAll
FNDA:1,getAmountByScore
FNDA:6,getFindAllFilter
FNDA:15,find
FNDA:1,findByName
FNDA:13,updateScore
FNDA:1,remove
FNDA:19,removeAll
DA:6,1
DA:17,6
DA:19,6
DA:27,1
DA:36,6
DA:38,3
DA:40,3
DA:46,15
DA:52,1
DA:58,13
DA:67,1
DA:73,19
DA:77,12
LF:13
LH:13
BRDA:36,0,0,3
BRF:1
BRH:1
end_of_record
TN:
SF:src/routers/recommendationRouter.ts
FNF:0
FNH:0
DA:4,7
DA:6,7
DA:7,7
DA:8,7
DA:9,7
DA:10,7
DA:11,7
DA:12,7
LF:8
LH:8
BRF:0
BRH:0
end_of_record
TN:
SF:src/routers/testRouter.ts
FNF:0
FNH:0
DA:6,7
DA:7,7
DA:9,7
LF:3
LH:3
BRF:0
BRH:0
end_of_record
TN:
SF:src/schemas/recommendationsSchemas.ts
FNF:0
FNH:0
DA:4,7
DA:6,7
LF:2
LH:2
BRF:0
BRH:0
end_of_record
TN:
SF:src/services/recommendationsService.ts
FN:7,insert
FN:17,upvote
FN:23,downvote
FN:36,getByIdOrFail
FN:43,get
FN:47,getTop
FN:51,deleteAll
FN:55,getRandom
FN:68,getByScore
FN:81,getScoreFilter
FNF:10
FNH:10
FNDA:3,insert
FNDA:8,upvote
FNDA:10,downvote
FNDA:19,getByIdOrFail
FNDA:2,get
FNDA:2,getTop
FNDA:2,deleteAll
FNDA:5,getRandom
FNDA:5,getByScore
FNDA:5,getScoreFilter
DA:8,3
DA:11,3
DA:12,1
DA:14,2
DA:18,8
DA:20,7
DA:24,10
DA:26,9
DA:31,9
DA:32,2
DA:37,19
DA:38,19
DA:40,17
DA:44,2
DA:48,2
DA:52,2
DA:56,5
DA:57,5
DA:59,5
DA:60,5
DA:61,2
DA:64,3
DA:65,3
DA:69,5
DA:74,5
DA:75,3
DA:78,2
DA:82,5
DA:83,3
DA:86,2
DA:89,12
LF:31
LH:31
BRDA:11,0,0,1
BRDA:31,1,0,2
BRDA:38,2,0,2
BRDA:60,3,0,2
BRDA:74,4,0,3
BRDA:82,5,0,3
BRF:6
BRH:6
end_of_record
TN:
SF:src/utils/errorUtils.ts
FN:7,isAppError
FN:11,errorTypeToStatusCode
FN:19,conflictError
FN:23,notFoundError
FN:27,unauthorizedError
FN:31,wrongSchemaError
FNF:6
FNH:5
FNDA:2,isAppError
FNDA:2,errorTypeToStatusCode
FNDA:1,conflictError
FNDA:4,notFoundError
FNDA:0,unauthorizedError
FNDA:1,wrongSchemaError
DA:8,2
DA:12,2
DA:13,2
DA:14,1
DA:15,1
DA:16,0
DA:20,1
DA:24,4
DA:28,0
DA:32,1
LF:10
LH:8
BRDA:12,0,0,0
BRDA:13,1,0,1
BRDA:14,2,0,0
BRDA:15,3,0,1
BRDA:20,4,0,1
BRDA:20,4,1,0
BRDA:20,5,0,1
BRDA:20,5,1,1
BRDA:24,6,0,0
BRDA:24,6,1,4
BRDA:24,7,0,4
BRDA:24,7,1,4
BRDA:28,8,0,0
BRDA:28,8,1,0
BRDA:28,9,0,0
BRDA:28,9,1,0
BRDA:32,10,0,0
BRDA:32,10,1,1
BRDA:32,11,0,1
BRDA:32,11,1,1
BRF:20
BRH:11
end_of_record
TN:
SF:test/factories/randomRecommendation.factory.ts
FN:7,voteOver10Recommendation
FN:18,voteBetweenMinus5And10TARecommendation
FNF:2
FNH:2
FNDA:1,voteOver10Recommendation
FNDA:1,voteBetweenMinus5And10TARecommendation
DA:8,1
DA:19,1
DA:20,1
LF:3
LH:3
BRF:0
BRH:0
end_of_record
TN:
SF:test/factories/recommendation.factory.ts
FN:6,deleteAllRecommendation
FN:10,generateCorrectNameAndLink
FN:24,createRandomRecommendationsInDatabase
FN:32,getTwoRandomRecommendentation
FN:38,createRecommendations
FN:45,getRecommendationById
FNF:6
FNH:6
FNDA:18,deleteAllRecommendation
FNDA:30,generateCorrectNameAndLink
FNDA:27,createRandomRecommendationsInDatabase
FNDA:1,getTwoRandomRecommendentation
FNDA:3,createRecommendations
FNDA:1,getRecommendationById
DA:7,18
DA:11,30
DA:13,30
DA:14,29
DA:16,1
DA:18,30
DA:25,27
DA:28,27
DA:33,1
DA:34,1
DA:39,3
DA:40,21
DA:41,21
DA:46,1
LF:14
LH:14
BRDA:13,0,0,29
BRDA:13,0,1,1
BRF:2
BRH:2
end_of_record
